/*C9*/SET SCHEMA PUBLIC
DISCONNECT
/*C10*/SET SCHEMA PUBLIC
DISCONNECT
/*C11*/SET SCHEMA PUBLIC
DISCONNECT
/*C12*/SET SCHEMA PUBLIC
DISCONNECT
/*C13*/SET SCHEMA PUBLIC
DISCONNECT
/*C14*/SET SCHEMA PUBLIC
DELETE FROM PROJECTS WHERE PID=1001
INSERT INTO PROJECTS VALUES(1001,15206136,'\u4e09\u5c0f\u7ba1\u7406\u7cfb\u7edf','\u4e00\u822c\u9879\u76ee','m\u6ca1\u6709\u7b80\u4ecb','\u6ca1\u6709\u8ba1\u5212','\u8f6f\u4ef6',1000,1,'\u8521\u67ef','123123',11)
COMMIT
DISCONNECT
/*C15*/SET SCHEMA PUBLIC
DISCONNECT
/*C16*/SET SCHEMA PUBLIC
DISCONNECT
/*C17*/SET SCHEMA PUBLIC
DISCONNECT
/*C18*/SET SCHEMA PUBLIC
DISCONNECT
/*C19*/SET SCHEMA PUBLIC
DISCONNECT
/*C20*/SET SCHEMA PUBLIC
DISCONNECT
/*C21*/SET SCHEMA PUBLIC
DISCONNECT
/*C22*/SET SCHEMA PUBLIC
DISCONNECT
/*C23*/SET SCHEMA PUBLIC
DISCONNECT
/*C24*/SET SCHEMA PUBLIC
DISCONNECT
/*C25*/SET SCHEMA PUBLIC
DISCONNECT
/*C26*/SET SCHEMA PUBLIC
DISCONNECT
/*C27*/SET SCHEMA PUBLIC
DISCONNECT
/*C28*/SET SCHEMA PUBLIC
DISCONNECT
/*C29*/SET SCHEMA PUBLIC
DISCONNECT
/*C30*/SET SCHEMA PUBLIC
DISCONNECT
/*C31*/SET SCHEMA PUBLIC
DISCONNECT
/*C32*/SET SCHEMA PUBLIC
DISCONNECT
/*C33*/SET SCHEMA PUBLIC
DELETE FROM PROJECTS WHERE PID=1000
INSERT INTO PROJECTS VALUES(1000,15206136,'\u4e09\u5c0f\u7ba1\u7406\u7cfb\u7edf','\u4e00\u822c\u9879\u76ee','m\u6ca1\u6709\u7b80\u4ecb','\u6ca1\u6709\u8ba1\u5212','\u8f6f\u4ef6',1000,2,'\u8521\u67ef','123123',11)
COMMIT
DISCONNECT
/*C34*/SET SCHEMA PUBLIC
DISCONNECT
